<?xml version="1.0" encoding="UTF-8"?>
<testng-results ignored="0" total="1" passed="1" failed="0" skipped="0">
  <reporter-output>
  </reporter-output>
  <suite started-at="2021-10-20T22:01:22 IST" name="Default suite" finished-at="2021-10-20T22:01:29 IST" duration-ms="7030">
    <groups>
    </groups>
    <test started-at="2021-10-20T22:01:22 IST" name="Default test" finished-at="2021-10-20T22:01:29 IST" duration-ms="7030">
      <class name="com.miniproject.tests.HomePageTests">
        <test-method signature="sampleTest()[pri:0, instance:com.miniproject.tests.HomePageTests@3246fb96]" started-at="2021-10-20T22:01:22 IST" name="sampleTest" finished-at="2021-10-20T22:01:29 IST" duration-ms="6992" status="PASS">
          <reporter-output>
          </reporter-output>
        </test-method> <!-- sampleTest -->
      </class> <!-- com.miniproject.tests.HomePageTests -->
    </test> <!-- Default test -->
  </suite> <!-- Default suite -->
</testng-results>
